Build started 5/10/2016 2:55:48 PM.
     1>Project "C:\Users\MJ\Desktop\shellcode or dll injector\injector\injector.vcxproj" on node 2 (Build target(s)).
     1>ClCompile:
         C:\Program Files (x86)\Microsoft Visual Studio 14.0\VC\bin\CL.exe /c /ZI /nologo /W3 /WX- /sdl /Od /Oy- /D WIN32 /D _DEBUG /D _CONSOLE /D _UNICODE /D UNICODE /Gm /EHsc /RTC1 /MDd /GS /fp:precise /Zc:wchar_t /Zc:forScope /Zc:inline /Yc"stdafx.h" /Fp"Debug\injector.pch" /Fo"Debug\\" /Fd"Debug\vc140.pdb" /Gd /TP /analyze- /errorReport:prompt stdafx.cpp
         stdafx.cpp
         C:\Program Files (x86)\Microsoft Visual Studio 14.0\VC\bin\CL.exe /c /ZI /nologo /W3 /WX- /sdl /Od /Oy- /D WIN32 /D _DEBUG /D _CONSOLE /D _UNICODE /D UNICODE /Gm /EHsc /RTC1 /MDd /GS /fp:precise /Zc:wchar_t /Zc:forScope /Zc:inline /Yu"stdafx.h" /Fp"Debug\injector.pch" /Fo"Debug\\" /Fd"Debug\vc140.pdb" /Gd /TP /analyze- /errorReport:prompt SetPriv.cpp injector.cpp
         injector.cpp
     1>c:\users\mj\desktop\shellcode or dll injector\injector\injector.cpp(21): warning C4005: '_WIN32_WINNT': macro redefinition
         c:\program files (x86)\windows kits\8.1\include\shared\sdkddkver.h(200): note: see previous definition of '_WIN32_WINNT'
         Generating Code...
         Skipping... (no relevant changes detected)
         SetPriv.cpp
       Link:
         C:\Program Files (x86)\Microsoft Visual Studio 14.0\VC\bin\link.exe /ERRORREPORT:PROMPT /OUT:"C:\Users\MJ\Desktop\shellcode or dll injector\Debug\injector.exe" /INCREMENTAL /NOLOGO kernel32.lib user32.lib gdi32.lib winspool.lib comdlg32.lib advapi32.lib shell32.lib ole32.lib oleaut32.lib uuid.lib odbc32.lib odbccp32.lib /MANIFEST /MANIFESTUAC:"level='asInvoker' uiAccess='false'" /manifest:embed /Debug /PDB:"C:\Users\MJ\Desktop\shellcode or dll injector\Debug\injector.pdb" /SUBSYSTEM:CONSOLE /TLBID:1 /DYNAMICBASE /NXCOMPAT /IMPLIB:"C:\Users\MJ\Desktop\shellcode or dll injector\Debug\injector.lib" /MACHINE:X86 Debug\injector.obj
         Debug\SetPriv.obj
         Debug\stdafx.obj
         LINK : C:\Users\MJ\Desktop\shellcode or dll injector\Debug\injector.exe not found or not built by the last incremental link; performing full link
         injector.vcxproj -> C:\Users\MJ\Desktop\shellcode or dll injector\Debug\injector.exe
     1>Done Building Project "C:\Users\MJ\Desktop\shellcode or dll injector\injector\injector.vcxproj" (Build target(s)).

Build succeeded.

Time Elapsed 00:00:08.87
