e:\work\apa wokrs\shellcode or dll injector\injector\release\injector.pch
e:\work\apa wokrs\shellcode or dll injector\injector\release\vc140.pdb
e:\work\apa wokrs\shellcode or dll injector\injector\release\stdafx.obj
e:\work\apa wokrs\shellcode or dll injector\injector\release\setpriv.obj
e:\work\apa wokrs\shellcode or dll injector\injector\release\injector.obj
e:\work\apa wokrs\shellcode or dll injector\release\injector.exe
e:\work\apa wokrs\shellcode or dll injector\release\injector.ipdb
e:\work\apa wokrs\shellcode or dll injector\release\injector.iobj
e:\work\apa wokrs\shellcode or dll injector\release\injector.pdb
c:\users\mojta\desktop\injector - final\injector\release\injector.obj
c:\users\mojta\desktop\injector - final\injector\release\setpriv.obj
c:\users\mojta\desktop\injector - final\injector\release\stdafx.obj
c:\users\mojta\desktop\injector - final\injector\release\injector.pch
c:\users\mojta\desktop\injector - final\injector\release\vc140.pdb
c:\users\mojta\desktop\injector - final\release\injector.pdb
c:\users\mojta\desktop\injector - final\release\injector.exe
c:\users\mojta\desktop\injector - final\injector\release\injector.tlog\cl.command.1.tlog
c:\users\mojta\desktop\injector - final\injector\release\injector.tlog\cl.read.1.tlog
c:\users\mojta\desktop\injector - final\injector\release\injector.tlog\cl.write.1.tlog
c:\users\mojta\desktop\injector - final\injector\release\injector.tlog\link.command.1.tlog
c:\users\mojta\desktop\injector - final\injector\release\injector.tlog\link.read.1.tlog
c:\users\mojta\desktop\injector - final\injector\release\injector.tlog\link.write.1.tlog
