c:\users\mojta\desktop\hookdll\hookdll\x64\release\vc140.pdb
c:\users\mojta\desktop\hookdll\hookdll\x64\release\mhook.obj
c:\users\mojta\desktop\hookdll\hookdll\x64\release\hookdll.obj
c:\users\mojta\desktop\hookdll\hookdll\x64\release\stdafx.obj
c:\users\mojta\desktop\hookdll\hookdll\x64\release\misc.obj
c:\users\mojta\desktop\hookdll\hookdll\x64\release\disasm_x86.obj
c:\users\mojta\desktop\hookdll\hookdll\x64\release\disasm.obj
c:\users\mojta\desktop\hookdll\hookdll\x64\release\cpu.obj
c:\users\mojta\desktop\hookdll\hookdll\x64\release\hookdll.pch
c:\users\mojta\desktop\hookdll\hookdll\x64\release\dllmain.obj
c:\users\mojta\desktop\hookdll\x64\release\hookdll.dll
c:\users\mojta\desktop\hookdll\x64\release\hookdll.pdb
c:\users\mojta\desktop\hookdll\hookdll\x64\release\hookdll.res
c:\users\mojta\desktop\hookdll\hookdll\x64\release\hookdll.tlog\cl.command.1.tlog
c:\users\mojta\desktop\hookdll\hookdll\x64\release\hookdll.tlog\cl.read.1.tlog
c:\users\mojta\desktop\hookdll\hookdll\x64\release\hookdll.tlog\cl.write.1.tlog
c:\users\mojta\desktop\hookdll\hookdll\x64\release\hookdll.tlog\link.command.1.tlog
c:\users\mojta\desktop\hookdll\hookdll\x64\release\hookdll.tlog\link.read.1.tlog
c:\users\mojta\desktop\hookdll\hookdll\x64\release\hookdll.tlog\link.write.1.tlog
c:\users\mojta\desktop\hookdll\hookdll\x64\release\hookdll.tlog\rc.command.1.tlog
c:\users\mojta\desktop\hookdll\hookdll\x64\release\hookdll.tlog\rc.read.1.tlog
c:\users\mojta\desktop\hookdll\hookdll\x64\release\hookdll.tlog\rc.write.1.tlog
