C:\Program Files (x86)\MSBuild\Microsoft.Cpp\v4.0\V140\Microsoft.CppBuild.targets(936,5): warning MSB8027: Two or more files with the name of stdafx.cpp will produce outputs to the same location. This can lead to an incorrect build result.  The files involved are ..\stdafx.cpp, stdafx.cpp.
  stdafx.cpp
  stdafx.cpp
  hookDll.cpp
  mhook.cpp
  cpu.c
  disasm.c
  disasm_x86.c
disasm-lib\disasm_x86.c(3740): warning C4477: 'printf' : format string '%s' requires an argument of type 'char *', but variadic argument 2 has type 'int'
disasm-lib\disasm_x86.c(3740): warning C4313: 'printf': '%s' in format string conflicts with argument 2 of type 'int'
disasm-lib\disasm_x86.c(3740): warning C4474: 'printf' : too many arguments passed for format string
  disasm-lib\disasm_x86.c(3740): note: placeholders and their parameters expect 2 variadic arguments, but 3 were provided
disasm-lib\disasm_x86.c(3767): warning C4477: 'printf' : format string '%s' requires an argument of type 'char *', but variadic argument 2 has type 'int'
disasm-lib\disasm_x86.c(3767): warning C4313: 'printf': '%s' in format string conflicts with argument 2 of type 'int'
disasm-lib\disasm_x86.c(3767): warning C4474: 'printf' : too many arguments passed for format string
  disasm-lib\disasm_x86.c(3767): note: placeholders and their parameters expect 2 variadic arguments, but 3 were provided
  misc.c
  dllmain.cpp
dllmain.cpp(67): warning C4101: 'e': unreferenced local variable
dllmain.cpp(77): warning C4101: 'e': unreferenced local variable
dllmain.cpp(88): warning C4101: 'e': unreferenced local variable
dllmain.cpp(98): warning C4101: 'e': unreferenced local variable
x64\Release\stdafx.obj : warning LNK4042: object specified more than once; extras ignored
  Generating code
  All 53 functions were compiled because no usable IPDB/IOBJ from previous compilation was found.
  Finished generating code
  hookDll.vcxproj -> C:\Users\mojta\Desktop\hookDll\x64\Release\hookDll.dll
